<?xml version="1.0" encoding="UTF-8"?>
<testng-results ignored="0" total="1" passed="1" failed="0" skipped="0">
  <reporter-output>
  </reporter-output>
  <suite started-at="2023-02-22T16:58:17 IST" name="Default suite" finished-at="2023-02-22T16:58:17 IST" duration-ms="40">
    <groups>
    </groups>
    <test started-at="2023-02-22T16:58:17 IST" name="Default test" finished-at="2023-02-22T16:58:17 IST" duration-ms="40">
      <class name="testpkg.TestNG">
        <test-method is-config="true" signature="test()[pri:0, instance:testpkg.TestNG@4e7912d8]" started-at="2023-02-22T16:58:17 IST" name="test" finished-at="2023-02-22T16:58:17 IST" duration-ms="7" status="PASS">
          <reporter-output>
          </reporter-output>
        </test-method> <!-- test -->
        <test-method signature="tstt()[pri:0, instance:testpkg.TestNG@4e7912d8]" started-at="2023-02-22T16:58:17 IST" name="tstt" finished-at="2023-02-22T16:58:17 IST" duration-ms="5" status="PASS">
          <reporter-output>
          </reporter-output>
        </test-method> <!-- tstt -->
      </class> <!-- testpkg.TestNG -->
    </test> <!-- Default test -->
  </suite> <!-- Default suite -->
</testng-results>
